<?xml version="1.0" encoding="UTF-8"?>
<!-- Generated by org.testng.reporters.JUnitXMLReporter -->
<testsuite ignored="0" hostname="LAPTOP-0FSG5U65" failures="0" tests="5" name="Test" time="52.471" errors="0" timestamp="2025-01-03T08:44:59 IST">
  <testcase classname="testCases.TC003_DataDvnTest" name="verifyLoginDataDriven" time="1.964"/>
  <testcase classname="testCases.TC003_DataDvnTest" name="verifyLoginDataDriven" time="11.103"/>
  <testcase classname="testCases.TC003_DataDvnTest" name="verifyLoginDataDriven" time="11.001"/>
  <testcase classname="testCases.TC003_DataDvnTest" name="verifyLoginDataDriven" time="10.977"/>
  <testcase classname="testCases.TC003_DataDvnTest" name="verifyLoginDataDriven" time="10.835"/>
</testsuite> <!-- Test -->
