<?xml version="1.0" encoding="UTF-8"?>
<testng-results ignored="0" total="5" passed="5" failed="0" skipped="0">
  <reporter-output>
  </reporter-output>
  <suite started-at="2025-01-03T08:44:07 IST" name="Suite2" finished-at="2025-01-03T08:44:59 IST" duration-ms="52471">
    <groups>
      <group name="regression">
        <method signature="TC003_DataDvnTest.verifyLoginDataDriven(java.lang.String,java.lang.String,java.lang.String)[pri:0, instance:testCases.TC003_DataDvnTest@223d2c72]" name="verifyLoginDataDriven" class="testCases.TC003_DataDvnTest"/>
      </group> <!-- regression -->
    </groups>
    <test started-at="2025-01-03T08:44:07 IST" name="Test" finished-at="2025-01-03T08:44:59 IST" duration-ms="52471">
      <class name="testCases.TC003_DataDvnTest">
        <test-method is-config="true" signature="setup(java.lang.String,java.lang.String)[pri:0, instance:testCases.TC003_DataDvnTest@223d2c72]" started-at="2025-01-03T08:44:07 IST" name="setup" finished-at="2025-01-03T08:44:11 IST" duration-ms="4684" status="PASS">
          <params>
            <param index="0">
              <value>
                <![CDATA[windows]]>
              </value>
            </param>
            <param index="1">
              <value>
                <![CDATA[chrome]]>
              </value>
            </param>
          </params>
          <reporter-output>
          </reporter-output>
        </test-method> <!-- setup -->
        <test-method signature="verifyLoginDataDriven(java.lang.String,java.lang.String,java.lang.String)[pri:0, instance:testCases.TC003_DataDvnTest@223d2c72]" started-at="2025-01-03T08:44:13 IST" name="verifyLoginDataDriven" data-provider="LoginData" finished-at="2025-01-03T08:44:15 IST" duration-ms="1964" status="PASS">
          <params>
            <param index="0">
              <value>
                <![CDATA[harikumar123@gmail.com]]>
              </value>
            </param>
            <param index="1">
              <value>
                <![CDATA[hari123]]>
              </value>
            </param>
            <param index="2">
              <value>
                <![CDATA[valid]]>
              </value>
            </param>
          </params>
          <reporter-output>
          </reporter-output>
        </test-method> <!-- verifyLoginDataDriven -->
        <test-method signature="verifyLoginDataDriven(java.lang.String,java.lang.String,java.lang.String)[pri:0, instance:testCases.TC003_DataDvnTest@223d2c72]" started-at="2025-01-03T08:44:15 IST" name="verifyLoginDataDriven" data-provider="LoginData" finished-at="2025-01-03T08:44:26 IST" duration-ms="11103" status="PASS">
          <params>
            <param index="0">
              <value>
                <![CDATA[pavan@gmail.com]]>
              </value>
            </param>
            <param index="1">
              <value>
                <![CDATA[test@123]]>
              </value>
            </param>
            <param index="2">
              <value>
                <![CDATA[invalid]]>
              </value>
            </param>
          </params>
          <reporter-output>
          </reporter-output>
        </test-method> <!-- verifyLoginDataDriven -->
        <test-method signature="verifyLoginDataDriven(java.lang.String,java.lang.String,java.lang.String)[pri:0, instance:testCases.TC003_DataDvnTest@223d2c72]" started-at="2025-01-03T08:44:26 IST" name="verifyLoginDataDriven" data-provider="LoginData" finished-at="2025-01-03T08:44:37 IST" duration-ms="11001" status="PASS">
          <params>
            <param index="0">
              <value>
                <![CDATA[kumar@gmail.com]]>
              </value>
            </param>
            <param index="1">
              <value>
                <![CDATA[kumar123]]>
              </value>
            </param>
            <param index="2">
              <value>
                <![CDATA[invalid]]>
              </value>
            </param>
          </params>
          <reporter-output>
          </reporter-output>
        </test-method> <!-- verifyLoginDataDriven -->
        <test-method signature="verifyLoginDataDriven(java.lang.String,java.lang.String,java.lang.String)[pri:0, instance:testCases.TC003_DataDvnTest@223d2c72]" started-at="2025-01-03T08:44:37 IST" name="verifyLoginDataDriven" data-provider="LoginData" finished-at="2025-01-03T08:44:48 IST" duration-ms="10977" status="PASS">
          <params>
            <param index="0">
              <value>
                <![CDATA[]]>
              </value>
            </param>
            <param index="1">
              <value>
                <![CDATA[]]>
              </value>
            </param>
            <param index="2">
              <value>
                <![CDATA[]]>
              </value>
            </param>
          </params>
          <reporter-output>
          </reporter-output>
        </test-method> <!-- verifyLoginDataDriven -->
        <test-method signature="verifyLoginDataDriven(java.lang.String,java.lang.String,java.lang.String)[pri:0, instance:testCases.TC003_DataDvnTest@223d2c72]" started-at="2025-01-03T08:44:48 IST" name="verifyLoginDataDriven" data-provider="LoginData" finished-at="2025-01-03T08:44:59 IST" duration-ms="10835" status="PASS">
          <params>
            <param index="0">
              <value>
                <![CDATA[]]>
              </value>
            </param>
            <param index="1">
              <value>
                <![CDATA[]]>
              </value>
            </param>
            <param index="2">
              <value>
                <![CDATA[]]>
              </value>
            </param>
          </params>
          <reporter-output>
          </reporter-output>
        </test-method> <!-- verifyLoginDataDriven -->
        <test-method is-config="true" signature="tearDown()[pri:0, instance:testCases.TC003_DataDvnTest@223d2c72]" started-at="2025-01-03T08:44:59 IST" name="tearDown" finished-at="2025-01-03T08:44:59 IST" duration-ms="260" status="PASS">
          <reporter-output>
          </reporter-output>
        </test-method> <!-- tearDown -->
      </class> <!-- testCases.TC003_DataDvnTest -->
    </test> <!-- Test -->
  </suite> <!-- Suite2 -->
</testng-results>
