<?xml version="1.0" encoding="UTF-8"?>
<!-- Generated by org.testng.reporters.JUnitXMLReporter -->
<testsuite ignored="0" hostname="LAPTOP-0FSG5U65" failures="0" tests="5" name="Test" time="50.209" errors="0" timestamp="2025-01-03T10:32:54 IST">
  <testcase classname="testCases.TC003_DataDvnTest" name="verifyLoginDataDriven" time="1.652"/>
  <testcase classname="testCases.TC003_DataDvnTest" name="verifyLoginDataDriven" time="10.908"/>
  <testcase classname="testCases.TC003_DataDvnTest" name="verifyLoginDataDriven" time="11.014"/>
  <testcase classname="testCases.TC003_DataDvnTest" name="verifyLoginDataDriven" time="10.945"/>
  <testcase classname="testCases.TC003_DataDvnTest" name="verifyLoginDataDriven" time="10.79"/>
</testsuite> <!-- Test -->
